<?xml version="1.0" encoding="UTF-8"?>
<!-- Generated by org.testng.reporters.JUnitReportReporter -->
<testsuite skipped="0" hostname="Makkuzz" name="Tests.Scn_Login" tests="2" failures="0" timestamp="2020-03-20T15:18:33 IST" time="30.397" errors="0">
  <testcase name="login" time="14.020" classname="Tests.Scn_Login"/>
  <system-out/>
  <testcase name="login" time="16.377" classname="Tests.Scn_Login"/>
  <system-out/>
</testsuite> <!-- Tests.Scn_Login -->
